TN:
SF:src/App.tsx
FN:9,App
FNF:1
FNH:1
FNDA:2,App
DA:10,2
LF:1
LH:1
BRF:0
BRH:0
end_of_record
TN:
SF:src/components/form/CurrencyField.tsx
FN:7,formatBRLFromDigits
FN:21,CurrencyField
FN:34,(anonymous_2)
FN:42,(anonymous_3)
FNF:4
FNH:4
FNDA:30,formatBRLFromDigits
FNDA:19,CurrencyField
FNDA:50,(anonymous_2)
FNDA:31,(anonymous_3)
DA:5,3
DA:8,30
DA:10,30
DA:25,19
DA:26,19
DA:28,19
DA:35,50
DA:45,31
DA:46,31
LF:9
LH:9
BRDA:8,0,0,30
BRDA:8,0,1,0
BRDA:29,1,0,0
BRDA:29,1,1,19
BRDA:40,2,0,0
BRDA:40,2,1,50
BRDA:41,3,0,50
BRDA:41,3,1,0
BRDA:46,4,0,30
BRDA:46,4,1,1
BRDA:52,5,0,19
BRDA:52,5,1,0
BRF:12
BRH:7
end_of_record
TN:
SF:src/components/form/MaskedTextField.tsx
FN:15,MaskedTextField
FN:36,(anonymous_1)
FN:47,(anonymous_2)
FNF:3
FNH:3
FNDA:88,MaskedTextField
FNDA:170,(anonymous_1)
FNDA:114,(anonymous_2)
DA:27,88
DA:28,88
DA:30,88
DA:37,170
DA:47,114
LF:5
LH:5
BRDA:31,0,0,51
BRDA:31,0,1,37
BRDA:41,1,0,170
BRDA:41,1,1,0
BRDA:46,2,0,3
BRDA:46,2,1,167
BRDA:52,3,0,88
BRDA:52,3,1,3
BRDA:57,4,0,88
BRDA:57,4,1,85
BRDA:57,4,2,5
BRF:11
BRH:10
end_of_record
TN:
SF:src/components/form/SelectField.tsx
FN:14,SelectField
FN:35,(anonymous_1)
FNF:2
FNH:2
FNDA:83,SelectField
FNDA:1456,(anonymous_1)
DA:18,83
DA:19,83
DA:21,83
DA:36,1456
LF:4
LH:4
BRDA:22,0,0,13
BRDA:22,0,1,70
BRDA:28,1,0,0
BRDA:28,1,1,83
BRDA:33,2,0,83
BRDA:33,2,1,17
BRDA:41,3,0,83
BRDA:41,3,1,0
BRF:8
BRH:6
end_of_record
TN:
SF:src/components/form/TextField.tsx
FN:14,TextField
FNF:1
FNH:1
FNDA:200,TextField
DA:26,200
DA:27,200
DA:29,200
LF:3
LH:3
BRDA:18,0,0,200
BRDA:30,1,0,75
BRDA:30,1,1,125
BRDA:39,2,0,3
BRDA:39,2,1,197
BRDA:42,3,0,200
BRDA:42,3,1,3
BRF:7
BRH:7
end_of_record
TN:
SF:src/components/layout/Layout.tsx
FN:5,Layout
FNF:1
FNH:1
FNDA:3,Layout
DA:6,3
LF:1
LH:1
BRF:0
BRH:0
end_of_record
TN:
SF:src/components/layout/Logo.tsx
FN:1,Logo
FNF:1
FNH:1
FNDA:4,Logo
DA:2,4
LF:1
LH:1
BRF:0
BRH:0
end_of_record
TN:
SF:src/components/wizard/StepIndicator.tsx
FN:10,StepIndicator
FN:12,(anonymous_1)
FN:16,(anonymous_2)
FNF:3
FNH:3
FNDA:10,StepIndicator
FNDA:26,(anonymous_1)
FNDA:40,(anonymous_2)
DA:3,3
DA:11,10
DA:12,26
DA:14,10
DA:17,40
DA:18,40
LF:6
LH:6
BRDA:17,0,0,10
BRDA:17,0,1,30
BRDA:17,1,0,8
BRDA:17,1,1,22
BRDA:20,2,0,10
BRDA:20,2,1,30
BRF:6
BRH:6
end_of_record
TN:
SF:src/components/wizard/SummarySection.tsx
FN:12,SummarySection
FN:22,(anonymous_1)
FNF:2
FNH:2
FNDA:32,SummarySection
FNDA:142,(anonymous_1)
DA:13,32
DA:23,142
LF:2
LH:2
BRDA:25,0,0,142
BRDA:25,0,1,15
BRF:2
BRH:2
end_of_record
TN:
SF:src/components/wizard/WizardActions.tsx
FN:8,WizardActions
FNF:1
FNH:1
FNDA:77,WizardActions
DA:9,77
LF:1
LH:1
BRDA:8,0,0,77
BRDA:8,1,0,77
BRDA:11,2,0,77
BRDA:11,2,1,65
BRF:4
BRH:4
end_of_record
TN:
SF:src/components/wizard/WizardStepShell.tsx
FN:9,WizardStepShell
FNF:1
FNH:1
FNDA:87,WizardStepShell
DA:10,87
LF:1
LH:1
BRDA:13,0,0,87
BRDA:13,0,1,86
BRF:2
BRH:2
end_of_record
TN:
SF:src/constants/masks.ts
FNF:0
FNH:0
DA:1,4
DA:3,4
DA:5,4
DA:7,4
LF:4
LH:4
BRF:0
BRH:0
end_of_record
TN:
SF:src/constants/options.ts
FN:44,getOptionLabel
FN:45,(anonymous_1)
FNF:2
FNH:2
FNDA:27,getOptionLabel
FNDA:407,(anonymous_1)
DA:6,15
DA:36,15
DA:45,407
LF:3
LH:3
BRDA:45,0,0,27
BRDA:45,0,1,3
BRF:2
BRH:2
end_of_record
TN:
SF:src/context/WizardFormProvider.tsx
FN:7,WizardFormProvider
FN:18,(anonymous_1)
FN:19,(anonymous_2)
FN:22,(anonymous_3)
FNF:4
FNH:4
FNDA:17,WizardFormProvider
FNDA:5,(anonymous_1)
FNDA:98,(anonymous_2)
FNDA:5,(anonymous_3)
DA:8,17
DA:18,17
DA:19,5
DA:20,98
DA:22,5
DA:25,17
LF:6
LH:6
BRF:0
BRH:0
end_of_record
TN:
SF:src/hooks/useRequireStepData.ts
FN:10,useRequireStepData
FN:14,(anonymous_1)
FNF:2
FNH:2
FNDA:110,useRequireStepData
FNDA:16,(anonymous_1)
DA:11,110
DA:12,110
DA:14,110
DA:15,16
DA:16,1
LF:5
LH:5
BRDA:15,0,0,1
BRDA:15,0,1,15
BRF:2
BRH:2
end_of_record
TN:
SF:src/hooks/useStepNavigation.ts
FN:5,useStepNavigation
FN:9,goNext
FN:16,goBack
FNF:3
FNH:3
FNDA:115,useStepNavigation
FNDA:9,goNext
FNDA:2,goBack
DA:6,115
DA:7,115
DA:10,9
DA:11,9
DA:12,7
DA:17,2
DA:20,115
LF:7
LH:7
BRDA:11,0,0,7
BRDA:11,0,1,2
BRF:2
BRH:2
end_of_record
TN:
SF:src/lib/api.ts
FN:22,fetchCepFromMock
FN:31,fetchCepFromViaCep
FN:50,fetchAddressByCep
FN:61,fetchProfessions
FNF:4
FNH:4
FNDA:4,fetchCepFromMock
FNDA:3,fetchCepFromViaCep
FNDA:4,fetchAddressByCep
FNDA:1,fetchProfessions
DA:3,1
DA:23,4
DA:24,4
DA:25,1
DA:27,3
DA:32,3
DA:33,3
DA:34,2
DA:35,1
DA:42,1
DA:51,4
DA:52,4
DA:53,3
DA:62,1
DA:63,1
LF:15
LH:15
BRDA:4,0,0,1
BRDA:4,0,1,0
BRDA:34,1,0,1
BRDA:34,1,1,1
BRDA:52,2,0,1
BRDA:52,2,1,3
BRF:6
BRH:5
end_of_record
TN:
SF:src/lib/cpf.ts
FN:1,onlyDigits
FN:5,calcCheckDigit
FN:14,isValidCPF
FNF:3
FNH:3
FNDA:39,onlyDigits
FNDA:34,calcCheckDigit
FNDA:37,isValidCPF
DA:2,39
DA:6,34
DA:7,34
DA:8,323
DA:10,34
DA:11,34
DA:15,37
DA:17,37
DA:18,20
DA:21,17
DA:22,17
DA:23,17
DA:25,17
LF:13
LH:13
BRDA:11,0,0,0
BRDA:11,0,1,34
BRDA:17,1,0,20
BRDA:17,1,1,17
BRDA:17,2,0,37
BRDA:17,2,1,20
BRDA:25,3,0,17
BRDA:25,3,1,17
BRF:8
BRH:7
end_of_record
TN:
SF:src/lib/masks.ts
FN:1,onlyDigits
FN:5,isValidBirthDate
FN:27,parseCurrencyToNumber
FNF:3
FNH:3
FNDA:69,onlyDigits
FNDA:37,isValidBirthDate
FNDA:31,parseCurrencyToNumber
DA:2,69
DA:6,37
DA:7,37
DA:9,21
DA:10,21
DA:11,21
DA:12,21
DA:15,21
DA:19,37
DA:21,17
DA:22,17
DA:24,17
DA:28,31
DA:29,31
DA:30,31
LF:15
LH:15
BRDA:7,0,0,16
BRDA:7,0,1,21
BRDA:15,1,0,21
BRDA:15,1,1,20
BRDA:15,1,2,17
BRDA:19,2,0,4
BRDA:19,2,1,33
BRDA:24,3,0,17
BRDA:24,3,1,16
BRDA:30,4,0,22
BRDA:30,4,1,9
BRF:11
BRH:11
end_of_record
TN:
SF:src/lib/pdf.ts
FN:15,buildSections
FN:49,generateSummaryPdf
FNF:2
FNH:2
FNDA:2,buildSections
FNDA:2,generateSummaryPdf
DA:5,1
DA:6,1
DA:7,1
DA:8,1
DA:16,2
DA:50,2
DA:51,2
DA:53,2
DA:54,2
DA:55,2
DA:56,2
DA:57,2
DA:58,2
DA:59,2
DA:60,2
DA:61,2
DA:63,2
DA:65,2
DA:66,6
DA:67,6
DA:68,6
DA:69,6
DA:70,6
DA:71,6
DA:72,6
DA:73,6
DA:75,6
DA:76,6
DA:77,28
DA:78,28
DA:79,28
DA:80,28
DA:81,28
DA:82,28
DA:85,6
DA:88,2
DA:89,2
DA:90,2
DA:91,2
DA:93,2
DA:94,2
LF:41
LH:41
BRDA:81,0,0,28
BRDA:81,0,1,1
BRDA:93,1,0,2
BRDA:93,1,1,1
BRF:4
BRH:4
end_of_record
TN:
SF:src/lib/storage.ts
FN:3,loadStoredFormValues
FN:13,persistFormValues
FN:21,clearStoredFormValues
FNF:3
FNH:3
FNDA:21,loadStoredFormValues
FNDA:102,persistFormValues
FNDA:1,clearStoredFormValues
DA:1,3
DA:4,21
DA:5,21
DA:6,21
DA:7,11
DA:9,1
DA:14,102
DA:15,102
DA:22,1
LF:9
LH:9
BRDA:6,0,0,10
BRDA:6,0,1,11
BRF:2
BRH:2
end_of_record
TN:
SF:src/pages/Step1PersonalData.tsx
FN:9,Step1PersonalData
FN:33,(anonymous_1)
FNF:2
FNH:2
FNDA:11,Step1PersonalData
FNDA:3,(anonymous_1)
DA:10,11
DA:12,11
DA:33,3
LF:3
LH:3
BRF:0
BRH:0
end_of_record
TN:
SF:src/pages/Step2Address.tsx
FN:23,Step2Address
FN:30,(anonymous_1)
FN:40,(anonymous_2)
FN:53,(anonymous_3)
FN:78,(anonymous_4)
FN:78,(anonymous_5)
FNF:6
FNH:6
FNDA:83,Step2Address
FNDA:37,(anonymous_1)
FNDA:4,(anonymous_2)
FNDA:4,(anonymous_3)
FNDA:1,(anonymous_4)
FNDA:2,(anonymous_5)
DA:18,2
DA:24,83
DA:25,83
DA:26,83
DA:27,83
DA:28,83
DA:30,83
DA:31,37
DA:32,37
DA:33,33
DA:34,33
DA:37,4
DA:38,4
DA:40,4
DA:41,4
DA:42,4
DA:43,3
DA:44,3
DA:45,3
DA:46,3
DA:47,3
DA:49,1
DA:53,4
DA:54,4
DA:58,83
DA:78,2
LF:26
LH:26
BRDA:31,0,0,37
BRDA:31,0,1,0
BRDA:32,1,0,33
BRDA:32,1,1,4
BRDA:41,2,0,0
BRDA:41,2,1,4
BRDA:42,3,0,3
BRDA:42,3,1,1
BRF:8
BRH:6
end_of_record
TN:
SF:src/pages/Step3Professional.tsx
FN:13,Step3Professional
FN:19,(anonymous_1)
FN:23,(anonymous_2)
FN:25,(anonymous_3)
FN:27,(anonymous_4)
FN:30,(anonymous_5)
FN:34,(anonymous_6)
FN:53,(anonymous_7)
FN:53,(anonymous_8)
FNF:9
FNH:7
FNDA:13,Step3Professional
FNDA:4,(anonymous_1)
FNDA:4,(anonymous_2)
FNDA:4,(anonymous_3)
FNDA:0,(anonymous_4)
FNDA:4,(anonymous_5)
FNDA:4,(anonymous_6)
FNDA:0,(anonymous_7)
FNDA:2,(anonymous_8)
DA:14,13
DA:15,13
DA:16,13
DA:17,13
DA:19,13
DA:20,4
DA:22,4
DA:24,4
DA:25,4
DA:28,0
DA:31,4
DA:34,4
DA:35,4
DA:39,13
DA:53,2
LF:15
LH:14
BRDA:24,0,0,0
BRDA:24,0,1,4
BRDA:28,1,0,0
BRDA:28,1,1,0
BRDA:31,2,0,4
BRDA:31,2,1,0
BRDA:47,3,0,7
BRDA:47,3,1,6
BRF:8
BRH:4
end_of_record
TN:
SF:src/pages/SummaryPage.tsx
FN:11,SummaryPage
FN:17,handleExport
FN:21,handleNewRegistration
FN:31,(anonymous_3)
FN:42,(anonymous_4)
FN:53,(anonymous_5)
FNF:6
FNH:4
FNDA:10,SummaryPage
FNDA:2,handleExport
FNDA:1,handleNewRegistration
FNDA:1,(anonymous_3)
FNDA:0,(anonymous_4)
FNDA:0,(anonymous_5)
DA:12,10
DA:13,10
DA:14,10
DA:15,10
DA:18,2
DA:22,1
DA:23,1
DA:24,1
DA:27,10
DA:31,1
DA:42,0
DA:53,0
LF:12
LH:10
BRF:0
BRH:0
end_of_record
TN:
SF:src/schemas/formSchema.ts
FN:8,(anonymous_0)
FN:15,(anonymous_1)
FN:41,(anonymous_2)
FN:52,(anonymous_3)
FNF:4
FNH:4
FNDA:351,(anonymous_0)
FNDA:29,(anonymous_1)
FNDA:26,(anonymous_2)
FNDA:26,(anonymous_3)
DA:6,13
DA:7,13
DA:8,351
DA:10,13
DA:15,29
DA:33,13
DA:41,26
DA:46,13
DA:52,26
DA:58,13
DA:62,13
DA:63,13
DA:64,13
DA:66,13
LF:14
LH:14
BRF:0
BRH:0
end_of_record
